Created by PLY version 3.11 (http://www.dabeaz.com/ply)

Grammar

Rule 0     S' -> expresion
Rule 1     expresion -> NUMERO MONEDA A MONEDA FIN

Terminals, with rules where they appear

A                    : 1
FIN                  : 1
MONEDA               : 1 1
NUMERO               : 1
error                : 

Nonterminals, with rules where they appear

expresion            : 0

Parsing method: LALR

state 0

    (0) S' -> . expresion
    (1) expresion -> . NUMERO MONEDA A MONEDA FIN

    NUMERO          shift and go to state 2

    expresion                      shift and go to state 1

state 1

    (0) S' -> expresion .



state 2

    (1) expresion -> NUMERO . MONEDA A MONEDA FIN

    MONEDA          shift and go to state 3


state 3

    (1) expresion -> NUMERO MONEDA . A MONEDA FIN

    A               shift and go to state 4


state 4

    (1) expresion -> NUMERO MONEDA A . MONEDA FIN

    MONEDA          shift and go to state 5


state 5

    (1) expresion -> NUMERO MONEDA A MONEDA . FIN

    FIN             shift and go to state 6


state 6

    (1) expresion -> NUMERO MONEDA A MONEDA FIN .

    $end            reduce using rule 1 (expresion -> NUMERO MONEDA A MONEDA FIN .)

